00000000000i[     ] Bochs x86 Emulator 2.6
00000000000i[     ]   Built from SVN snapshot on September 2nd, 2012
00000000000i[     ] System configuration
00000000000i[     ]   processors: 1 (cores=1, HT threads=1)
00000000000i[     ]   A20 line support: yes
00000000000i[     ] IPS is set to 4000000
00000000000i[     ] CPU configuration
00000000000i[     ]   level: 6
00000000000i[     ]   SMP support: no
00000000000i[     ]   APIC support: xapic
00000000000i[     ]   FPU support: yes
00000000000i[     ]   MMX support: yes
00000000000i[     ]   3dnow! support: no
00000000000i[     ]   SEP support: yes
00000000000i[     ]   SSE support: sse2
00000000000i[     ]   XSAVE support: no 
00000000000i[     ]   AES support: no
00000000000i[     ]   MOVBE support: no
00000000000i[     ]   ADX support: no
00000000000i[     ]   x86-64 support: yes
00000000000i[     ]   1G paging support: no
00000000000i[     ]   MWAIT support: yes
00000000000i[     ]   AVX support: no
00000000000i[     ]   VMX support: 1
00000000000i[     ] Optimization configuration
00000000000i[     ]   RepeatSpeedups support: yes
00000000000i[     ]   Fast function calls: yes
00000000000i[     ]   Handlers Chaining speedups: no
00000000000i[     ] Devices configuration
00000000000i[     ]   NE2000 support: yes
00000000000i[     ]   PCI support: yes, enabled=yes
00000000000i[     ]   SB16 support: yes
00000000000i[     ]   USB support: yes
00000000000i[     ]   VGA extension support: vbe cirrus
00000000000i[MEM0 ] allocated memory at 0xb3828008. after alignment, vector=0xb3829000
00000000000i[MEM0 ] 32.00MB
00000000000i[MEM0 ] mem block size = 0x00100000, blocks=32
00000000000i[MEM0 ] rom at 0xfffe0000/131072 ('/usr/share/bochs/BIOS-bochs-latest')
00000000000i[     ] lt_dlhandle is 0xb908b18
00000000000i[PLGIN] loaded plugin libbx_hdimage.so
00000000000i[     ] lt_dlhandle is 0xb909050
00000000000i[PLGIN] loaded plugin libbx_pci.so
00000000000i[     ] lt_dlhandle is 0xb9097e8
00000000000i[PLGIN] loaded plugin libbx_pci2isa.so
00000000000i[     ] lt_dlhandle is 0xb909e60
00000000000i[PLGIN] loaded plugin libbx_acpi.so
00000000000i[     ] lt_dlhandle is 0xb90a4d8
00000000000i[PLGIN] loaded plugin libbx_cmos.so
00000000000i[     ] lt_dlhandle is 0xb90aaa8
00000000000i[PLGIN] loaded plugin libbx_dma.so
00000000000i[     ] lt_dlhandle is 0xb90b160
00000000000i[PLGIN] loaded plugin libbx_pic.so
00000000000i[     ] lt_dlhandle is 0xb90b680
00000000000i[PLGIN] loaded plugin libbx_pit.so
00000000000i[     ] lt_dlhandle is 0xb90bcf0
00000000000i[PLGIN] loaded plugin libbx_floppy.so
00000000000i[     ] lt_dlhandle is 0xb90c540
00000000000i[PLGIN] loaded plugin libbx_vga.so
00000000000i[     ] lt_dlhandle is 0xb90ca38
00000000000i[PLGIN] loaded plugin libbx_ioapic.so
00000000000i[     ] lt_dlhandle is 0xb90d010
00000000000i[PLGIN] loaded plugin libbx_keyboard.so
00000000000i[     ] lt_dlhandle is 0xb90d640
00000000000i[PLGIN] loaded plugin libbx_harddrv.so
00000000000i[     ] lt_dlhandle is 0xb91f2f8
00000000000i[PLGIN] loaded plugin libbx_pci_ide.so
00000000000i[PLGIN] init_dev of 'pci' plugin device by virtual method
00000000000i[PCI  ] 440FX Host bridge present at device 0, function 0
00000000000i[PLGIN] init_dev of 'pci2isa' plugin device by virtual method
00000000000i[PCI  ] PIIX3 PCI-to-ISA bridge present at device 1, function 0
00000000000i[PLGIN] init_dev of 'cmos' plugin device by virtual method
00000000000i[CMOS ] Using local time for initial clock
00000000000i[CMOS ] Setting initial clock to: Tue Nov  7 04:29:12 2017 (time0=1510057752)
00000000000i[PLGIN] init_dev of 'dma' plugin device by virtual method
00000000000i[DMA  ] channel 4 used by cascade
00000000000i[PLGIN] init_dev of 'pic' plugin device by virtual method
00000000000i[PLGIN] init_dev of 'pit' plugin device by virtual method
00000000000i[PLGIN] init_dev of 'floppy' plugin device by virtual method
00000000000i[DMA  ] channel 2 used by Floppy Drive
00000000000i[FDD  ] fd0: 'fd.img' ro=0, h=2,t=80,spt=18
00000000000i[PLGIN] init_dev of 'vga' plugin device by virtual method
00000000000i[MEM0 ] Register memory access handlers: 0x00000000000a0000 - 0x00000000000bffff
00000000000i[VGA  ] interval=200000
00000000000i[MEM0 ] Register memory access handlers: 0x00000000e0000000 - 0x00000000e0ffffff
00000000000i[BXVGA] VBE Bochs Display Extension Enabled
00000000000i[XGUI ] test_alloc_colors: 16 colors available out of 16 colors tried
00000000000i[XGUI ] font 8 wide x 16 high, display depth = 24
00000000000i[MEM0 ] rom at 0xc0000/41472 ('/usr/share/bochs/VGABIOS-lgpl-latest')
00000000000i[PLGIN] init_dev of 'acpi' plugin device by virtual method
00000000000i[PCI  ] ACPI Controller present at device 1, function 3
00000000000i[PLGIN] init_dev of 'ioapic' plugin device by virtual method
00000000000i[IOAP ] initializing I/O APIC
00000000000i[MEM0 ] Register memory access handlers: 0x00000000fec00000 - 0x00000000fec00fff
00000000000i[PLGIN] init_dev of 'keyboard' plugin device by virtual method
00000000000i[KBD  ] will paste characters every 1000 keyboard ticks
00000000000i[PLGIN] init_dev of 'harddrv' plugin device by virtual method
00000000000i[HD   ] HD on ata0-0: 'hd.img', 'flat' mode
00000000000i[IMG  ] hd_size: 10321920
00000000000i[HD   ] ata0-0: using specified geometry: CHS=20/16/63
00000000000i[HD   ] translation on ata0-0 set to 'none'
00000000000i[HD   ] Using boot sequence floppy, none, none
00000000000i[HD   ] Floppy boot signature check is enabled
00000000000i[PLGIN] init_dev of 'pci_ide' plugin device by virtual method
00000000000i[PCI  ] PIIX3 PCI IDE controller present at device 1, function 1
00000000000i[PLGIN] init_dev of 'unmapped' plugin device by virtual method
00000000000i[PLGIN] init_dev of 'biosdev' plugin device by virtual method
00000000000i[PLGIN] init_dev of 'speaker' plugin device by virtual method
00000000000i[PLGIN] init_dev of 'extfpuirq' plugin device by virtual method
00000000000i[PLGIN] init_dev of 'parallel' plugin device by virtual method
00000000000i[PAR  ] parallel port 1 at 0x0378 irq 7
00000000000i[PLGIN] init_dev of 'serial' plugin device by virtual method
00000000000i[SER  ] com1 at 0x03f8 irq 4
00000000000i[PLGIN] init_dev of 'gameport' plugin device by virtual method
00000000000i[PLGIN] init_dev of 'iodebug' plugin device by virtual method
00000000000i[PLGIN] register state of 'pci' plugin device by virtual method
00000000000i[PLGIN] register state of 'pci2isa' plugin device by virtual method
00000000000i[PLGIN] register state of 'cmos' plugin device by virtual method
00000000000i[PLGIN] register state of 'dma' plugin device by virtual method
00000000000i[PLGIN] register state of 'pic' plugin device by virtual method
00000000000i[PLGIN] register state of 'pit' plugin device by virtual method
00000000000i[PLGIN] register state of 'floppy' plugin device by virtual method
00000000000i[PLGIN] register state of 'vga' plugin device by virtual method
00000000000i[PLGIN] register state of 'unmapped' plugin device by virtual method
00000000000i[PLGIN] register state of 'biosdev' plugin device by virtual method
00000000000i[PLGIN] register state of 'speaker' plugin device by virtual method
00000000000i[PLGIN] register state of 'extfpuirq' plugin device by virtual method
00000000000i[PLGIN] register state of 'parallel' plugin device by virtual method
00000000000i[PLGIN] register state of 'serial' plugin device by virtual method
00000000000i[PLGIN] register state of 'gameport' plugin device by virtual method
00000000000i[PLGIN] register state of 'iodebug' plugin device by virtual method
00000000000i[PLGIN] register state of 'acpi' plugin device by virtual method
00000000000i[PLGIN] register state of 'ioapic' plugin device by virtual method
00000000000i[PLGIN] register state of 'keyboard' plugin device by virtual method
00000000000i[PLGIN] register state of 'harddrv' plugin device by virtual method
00000000000i[PLGIN] register state of 'pci_ide' plugin device by virtual method
00000000000i[SYS  ] bx_pc_system_c::Reset(HARDWARE) called
00000000000i[CPU0 ] cpu hardware reset
00000000000i[APIC0] allocate APIC id=0 (MMIO enabled) to 0x00000000fee00000
00000000000i[CPU0 ] CPUID[0x00000000]: 00000002 756e6547 6c65746e 49656e69
00000000000i[CPU0 ] CPUID[0x00000001]: 00000633 00010800 00002028 1fcbfbff
00000000000i[CPU0 ] CPUID[0x00000002]: 00410601 00000000 00000000 00000000
00000000000i[CPU0 ] CPUID[0x80000000]: 80000008 00000000 00000000 00000000
00000000000i[CPU0 ] CPUID[0x80000001]: 00000000 00000000 00000101 2a100000
00000000000i[CPU0 ] CPUID[0x80000002]: 20202020 20202020 20202020 6e492020
00000000000i[CPU0 ] CPUID[0x80000003]: 286c6574 50202952 69746e65 52286d75
00000000000i[CPU0 ] CPUID[0x80000004]: 20342029 20555043 20202020 00202020
00000000000i[CPU0 ] CPUID[0x80000005]: 01ff01ff 01ff01ff 40020140 40020140
00000000000i[CPU0 ] CPUID[0x80000006]: 00000000 42004200 02008140 00000000
00000000000i[CPU0 ] CPUID[0x80000007]: 00000000 00000000 00000000 00000000
00000000000i[CPU0 ] CPUID[0x80000008]: 00003028 00000000 00000000 00000000
00000000000i[PLGIN] reset of 'pci' plugin device by virtual method
00000000000i[PLGIN] reset of 'pci2isa' plugin device by virtual method
00000000000i[PLGIN] reset of 'cmos' plugin device by virtual method
00000000000i[PLGIN] reset of 'dma' plugin device by virtual method
00000000000i[PLGIN] reset of 'pic' plugin device by virtual method
00000000000i[PLGIN] reset of 'pit' plugin device by virtual method
00000000000i[PLGIN] reset of 'floppy' plugin device by virtual method
00000000000i[PLGIN] reset of 'vga' plugin device by virtual method
00000000000i[PLGIN] reset of 'acpi' plugin device by virtual method
00000000000i[PLGIN] reset of 'ioapic' plugin device by virtual method
00000000000i[PLGIN] reset of 'keyboard' plugin device by virtual method
00000000000i[PLGIN] reset of 'harddrv' plugin device by virtual method
00000000000i[PLGIN] reset of 'pci_ide' plugin device by virtual method
00000000000i[PLGIN] reset of 'unmapped' plugin device by virtual method
00000000000i[PLGIN] reset of 'biosdev' plugin device by virtual method
00000000000i[PLGIN] reset of 'speaker' plugin device by virtual method
00000000000e[SPEAK] Failed to open /dev/console: 权限不够
00000000000e[SPEAK] Deactivating beep on console
00000000000i[PLGIN] reset of 'extfpuirq' plugin device by virtual method
00000000000i[PLGIN] reset of 'parallel' plugin device by virtual method
00000000000i[PLGIN] reset of 'serial' plugin device by virtual method
00000000000i[PLGIN] reset of 'gameport' plugin device by virtual method
00000000000i[PLGIN] reset of 'iodebug' plugin device by virtual method
00000000000i[XGUI ] Mouse capture off
00000000000i[     ] set SIGINT handler to bx_debug_ctrlc_handler
00000000000i[XGUI ] Mouse capture off
00000000025i[MEM0 ] allocate_block: block=0x0 used 0x1 of 0x20
00000004661i[BIOS ] $Revision: 11318 $ $Date: 2012-08-06 19:59:54 +0200 (Mo, 06. Aug 2012) $
00000319074i[KBD  ] reset-disable command received
00000321798i[BIOS ] Starting rombios32
00000322240i[BIOS ] Shutdown flag 0
00000322837i[BIOS ] ram_size=0x02000000
00000323265i[BIOS ] ram_end=32MB
00000363803i[BIOS ] Found 1 cpu(s)
00000377984i[BIOS ] bios_table_addr: 0x000fa438 end=0x000fcc00
00000705779i[PCI  ] 440FX PMC write to PAM register 59 (TLB Flush)
00001033711i[P2I  ] PCI IRQ routing: PIRQA# set to 0x0b
00001033735i[P2I  ] PCI IRQ routing: PIRQB# set to 0x09
00001033759i[P2I  ] PCI IRQ routing: PIRQC# set to 0x0b
00001033783i[P2I  ] PCI IRQ routing: PIRQD# set to 0x09
00001033793i[P2I  ] write: ELCR2 = 0x0a
00001034572i[BIOS ] PIIX3/PIIX4 init: elcr=00 0a
00001042252i[BIOS ] PCI: bus=0 devfn=0x00: vendor_id=0x8086 device_id=0x1237 class=0x0600
00001044531i[BIOS ] PCI: bus=0 devfn=0x08: vendor_id=0x8086 device_id=0x7000 class=0x0601
00001046649i[BIOS ] PCI: bus=0 devfn=0x09: vendor_id=0x8086 device_id=0x7010 class=0x0101
00001046878i[PIDE ] new BM-DMA address: 0xc000
00001047498i[BIOS ] region 4: 0x0000c000
00001049532i[BIOS ] PCI: bus=0 devfn=0x0b: vendor_id=0x8086 device_id=0x7113 class=0x0680
00001049762i[ACPI ] new irq line = 11
00001049776i[ACPI ] new irq line = 9
00001049803i[ACPI ] new PM base address: 0xb000
00001049817i[ACPI ] new SM base address: 0xb100
00001049845i[PCI  ] setting SMRAM control register to 0x4a
00001213939i[CPU0 ] Enter to System Management Mode
00001213939i[CPU0 ] enter_system_management_mode: temporary disable VMX while in SMM mode
00001213949i[CPU0 ] RSM: Resuming from System Management Mode
00001377970i[PCI  ] setting SMRAM control register to 0x0a
00001392872i[BIOS ] MP table addr=0x000fa510 MPC table addr=0x000fa440 size=0xc8
00001394687i[BIOS ] SMBIOS table addr=0x000fa520
00001394738i[MEM0 ] allocate_block: block=0x1f used 0x2 of 0x20
00001397666i[BIOS ] Firmware waking vector 0x1ff00cc
00001402525i[BIOS ] ACPI tables: RSDP addr=0x000fa640 ACPI DATA addr=0x01ff0000 size=0x1f22
00001402562i[PCI  ] 440FX PMC write to PAM register 59 (TLB Flush)
00001403293i[BIOS ] bios_table_cur_addr: 0x000fa664
00001530911i[VBIOS] VGABios $Id: vgabios.c,v 1.75 2011/10/15 14:07:21 vruppert Exp $
00001530982i[BXVGA] VBE known Display Interface b0c0
00001531014i[BXVGA] VBE known Display Interface b0c5
00001533939i[VBIOS] VBE Bios $Id: vbe.c,v 1.64 2011/07/19 18:25:05 vruppert Exp $
00001600001i[XGUI ] charmap update. Font Height is 16
00001878265i[BIOS ] ata0-0: PCHS=20/16/63 translation=none LCHS=20/16/63
00005755439i[BIOS ] IDE time out
00017995591i[BIOS ] Booting from 0000:7c00
00018400001i[XGUI ] charmap update. Font Height is 16
00065324532i[BIOS ] int13_harddisk: function 90, unmapped device for ELDL=81
00065326106i[FDD  ] controller reset in software
00065600001i[XGUI ] charmap update. Font Height is 16
00065692914i[MEM0 ] allocate_block: block=0x1 used 0x3 of 0x20
00065710945e[BXVGA] unsupported io write to port 0x03d6, val=0x00
00065710951e[BXVGA] unsupported io write to port 0x03d6, val=0x00
00065711471e[BXVGA] unsupported io write to port 0x03d6, val=0x00
00065711477e[BXVGA] unsupported io write to port 0x03d6, val=0x00
00065711997e[BXVGA] unsupported io write to port 0x03d6, val=0x00
00065712003e[BXVGA] unsupported io write to port 0x03d6, val=0x00
00065712523e[BXVGA] unsupported io write to port 0x03d6, val=0x00
00065712529e[BXVGA] unsupported io write to port 0x03d6, val=0x00
00065713049e[BXVGA] unsupported io write to port 0x03d6, val=0x00
00065713055e[BXVGA] unsupported io write to port 0x03d6, val=0x00
00065713575e[BXVGA] unsupported io write to port 0x03d6, val=0x00
00065713581e[BXVGA] unsupported io write to port 0x03d6, val=0x00
00065714101e[BXVGA] unsupported io write to port 0x03d6, val=0x00
00065714107e[BXVGA] unsupported io write to port 0x03d6, val=0x00
00065714802e[BXVGA] unsupported io write to port 0x03d6, val=0x00
00065714808e[BXVGA] unsupported io write to port 0x03d6, val=0x00
00065715318e[BXVGA] unsupported io write to port 0x03d6, val=0x00
00065715324e[BXVGA] unsupported io write to port 0x03d6, val=0x00
00065715706e[BXVGA] unsupported io write to port 0x03d6, val=0x00
00065715712e[BXVGA] unsupported io write to port 0x03d6, val=0x00
00065716093e[BXVGA] unsupported io write to port 0x03d6, val=0x00
00065716099e[BXVGA] unsupported io write to port 0x03d6, val=0x00
00065716480e[BXVGA] unsupported io write to port 0x03d6, val=0x00
00065716486e[BXVGA] unsupported io write to port 0x03d6, val=0x00
00065716867e[BXVGA] unsupported io write to port 0x03d6, val=0x00
00065716873e[BXVGA] unsupported io write to port 0x03d6, val=0x00
00065717254e[BXVGA] unsupported io write to port 0x03d6, val=0x00
00065717260e[BXVGA] unsupported io write to port 0x03d6, val=0x00
00065717641e[BXVGA] unsupported io write to port 0x03d6, val=0x00
00065717647e[BXVGA] unsupported io write to port 0x03d6, val=0x00
00065718028e[BXVGA] unsupported io write to port 0x03d6, val=0x00
00065718034e[BXVGA] unsupported io write to port 0x03d6, val=0x00
00065718415e[BXVGA] unsupported io write to port 0x03d6, val=0x00
00065718421e[BXVGA] unsupported io write to port 0x03d6, val=0x00
00065718802e[BXVGA] unsupported io write to port 0x03d6, val=0x00
00065718808e[BXVGA] unsupported io write to port 0x03d6, val=0x00
00065719189e[BXVGA] unsupported io write to port 0x03d6, val=0x00
00065719195e[BXVGA] unsupported io write to port 0x03d6, val=0x00
00065719576e[BXVGA] unsupported io write to port 0x03d6, val=0x00
00065719582e[BXVGA] unsupported io write to port 0x03d6, val=0x00
00065719963e[BXVGA] unsupported io write to port 0x03d6, val=0x00
00065719969e[BXVGA] unsupported io write to port 0x03d6, val=0x00
00065720350e[BXVGA] unsupported io write to port 0x03d6, val=0x00
00065720356e[BXVGA] unsupported io write to port 0x03d6, val=0x00
00065720737e[BXVGA] unsupported io write to port 0x03d6, val=0x00
00065720743e[BXVGA] unsupported io write to port 0x03d6, val=0x00
00065721124e[BXVGA] unsupported io write to port 0x03d6, val=0x00
00065721130e[BXVGA] unsupported io write to port 0x03d6, val=0x00
00065733515e[BXVGA] unsupported io write to port 0x03d6, val=0x00
00065733521e[BXVGA] unsupported io write to port 0x03d6, val=0x00
00065733531e[BXVGA] unsupported io write to port 0x03d6, val=0x00
00065733537e[BXVGA] unsupported io write to port 0x03d6, val=0x00
00065733918e[BXVGA] unsupported io write to port 0x03d6, val=0x00
00065733924e[BXVGA] unsupported io write to port 0x03d6, val=0x00
00065734305e[BXVGA] unsupported io write to port 0x03d6, val=0x00
00065734311e[BXVGA] unsupported io write to port 0x03d6, val=0x00
00065734692e[BXVGA] unsupported io write to port 0x03d6, val=0x00
00065734698e[BXVGA] unsupported io write to port 0x03d6, val=0x00
00065735079e[BXVGA] unsupported io write to port 0x03d6, val=0x00
00065735085e[BXVGA] unsupported io write to port 0x03d6, val=0x00
00065735466e[BXVGA] unsupported io write to port 0x03d6, val=0x00
00065735472e[BXVGA] unsupported io write to port 0x03d6, val=0x00
00065735853e[BXVGA] unsupported io write to port 0x03d6, val=0x00
00065735859e[BXVGA] unsupported io write to port 0x03d6, val=0x00
00065736240e[BXVGA] unsupported io write to port 0x03d6, val=0x00
00065736246e[BXVGA] unsupported io write to port 0x03d6, val=0x00
00065736627e[BXVGA] unsupported io write to port 0x03d6, val=0x00
00065736633e[BXVGA] unsupported io write to port 0x03d6, val=0x00
00065737014e[BXVGA] unsupported io write to port 0x03d6, val=0x00
00065737020e[BXVGA] unsupported io write to port 0x03d6, val=0x00
00065737401e[BXVGA] unsupported io write to port 0x03d6, val=0x00
00065737407e[BXVGA] unsupported io write to port 0x03d6, val=0x00
00065737788e[BXVGA] unsupported io write to port 0x03d6, val=0x00
00065737794e[BXVGA] unsupported io write to port 0x03d6, val=0x00
00065738175e[BXVGA] unsupported io write to port 0x03d6, val=0x00
00065738181e[BXVGA] unsupported io write to port 0x03d6, val=0x00
00065738562e[BXVGA] unsupported io write to port 0x03d6, val=0x00
00065738568e[BXVGA] unsupported io write to port 0x03d6, val=0x00
00065738949e[BXVGA] unsupported io write to port 0x03d6, val=0x00
00065738955e[BXVGA] unsupported io write to port 0x03d6, val=0x00
00065739336e[BXVGA] unsupported io write to port 0x03d6, val=0x00
00065739342e[BXVGA] unsupported io write to port 0x03d6, val=0x00
00065739723e[BXVGA] unsupported io write to port 0x03d6, val=0x00
00065739729e[BXVGA] unsupported io write to port 0x03d6, val=0x00
00065740110e[BXVGA] unsupported io write to port 0x03d6, val=0x00
00065740116e[BXVGA] unsupported io write to port 0x03d6, val=0x00
00065740497e[BXVGA] unsupported io write to port 0x03d6, val=0x00
00065740503e[BXVGA] unsupported io write to port 0x03d6, val=0x00
00065740884e[BXVGA] unsupported io write to port 0x03d6, val=0x00
00065740890e[BXVGA] unsupported io write to port 0x03d6, val=0x00
00065741271e[BXVGA] unsupported io write to port 0x03d6, val=0x00
00065741277e[BXVGA] unsupported io write to port 0x03d6, val=0x00
00065741658e[BXVGA] unsupported io write to port 0x03d6, val=0x00
00065741664e[BXVGA] unsupported io write to port 0x03d6, val=0x00
00065742045e[BXVGA] unsupported io write to port 0x03d6, val=0x00
00065742051e[BXVGA] unsupported io write to port 0x03d6, val=0x00
00065742432e[BXVGA] unsupported io write to port 0x03d6, val=0x00
00065742438e[BXVGA] unsupported io write to port 0x03d6, val=0x00
00065742819e[BXVGA] unsupported io write to port 0x03d6, val=0x00
00065742825e[BXVGA] unsupported io write to port 0x03d6, val=0x00
00065775378e[BXVGA] unsupported io write to port 0x03d6, val=0x00
00065775384e[BXVGA] unsupported io write to port 0x03d6, val=0x00
00065775399e[CPU0 ] fetch_raw_descriptor: GDT: index (6f27) de4 > limit (7ff)
00065775908e[BXVGA] unsupported io write to port 0x03d6, val=0x00
00065775914e[BXVGA] unsupported io write to port 0x03d6, val=0x00
00065775929e[CPU0 ] check_cs(0x544c): not a valid code segment !
00065776438e[BXVGA] unsupported io write to port 0x03d6, val=0x00
00065776444e[BXVGA] unsupported io write to port 0x03d6, val=0x00
00065776459e[CPU0 ] check_cs(0x544c): not a valid code segment !
00065776968e[BXVGA] unsupported io write to port 0x03d6, val=0x00
00065776974e[BXVGA] unsupported io write to port 0x03d6, val=0x00
00065776989e[CPU0 ] check_cs(0x544c): not a valid code segment !
00065777498e[BXVGA] unsupported io write to port 0x03d6, val=0x00
00065777504e[BXVGA] unsupported io write to port 0x03d6, val=0x00
00065777519e[CPU0 ] check_cs(0x544c): not a valid code segment !
00065778028e[BXVGA] unsupported io write to port 0x03d6, val=0x00
00065778034e[BXVGA] unsupported io write to port 0x03d6, val=0x00
00065778049e[CPU0 ] check_cs(0x544c): not a valid code segment !
00065778558e[BXVGA] unsupported io write to port 0x03d6, val=0x00
00065778564e[BXVGA] unsupported io write to port 0x03d6, val=0x00
00065778579e[CPU0 ] check_cs(0x544c): not a valid code segment !
00065779088e[BXVGA] unsupported io write to port 0x03d6, val=0x00
00065779094e[BXVGA] unsupported io write to port 0x03d6, val=0x00
00065779109e[CPU0 ] check_cs(0x544c): not a valid code segment !
00065779618e[BXVGA] unsupported io write to port 0x03d6, val=0x00
00065779624e[BXVGA] unsupported io write to port 0x03d6, val=0x00
00065779639e[CPU0 ] check_cs(0x544c): not a valid code segment !
00065780148e[BXVGA] unsupported io write to port 0x03d6, val=0x00
00065780154e[BXVGA] unsupported io write to port 0x03d6, val=0x00
00065780169e[CPU0 ] check_cs(0x544c): not a valid code segment !
00065780678e[BXVGA] unsupported io write to port 0x03d6, val=0x00
00065780684e[BXVGA] unsupported io write to port 0x03d6, val=0x00
00065780699e[CPU0 ] check_cs(0x544c): not a valid code segment !
00065781208e[BXVGA] unsupported io write to port 0x03d6, val=0x00
00065781214e[BXVGA] unsupported io write to port 0x03d6, val=0x00
00065781229e[CPU0 ] check_cs(0x544c): not a valid code segment !
00065781738e[BXVGA] unsupported io write to port 0x03d6, val=0x00
00065781744e[BXVGA] unsupported io write to port 0x03d6, val=0x00
00065781759e[CPU0 ] check_cs(0x544c): not a valid code segment !
00065782268e[BXVGA] unsupported io write to port 0x03d6, val=0x00
00065782274e[BXVGA] unsupported io write to port 0x03d6, val=0x00
00065782289e[CPU0 ] check_cs(0x544c): not a valid code segment !
00065782798e[BXVGA] unsupported io write to port 0x03d6, val=0x00
00065782804e[BXVGA] unsupported io write to port 0x03d6, val=0x00
00065782819e[CPU0 ] check_cs(0x544c): not a valid code segment !
00065783328e[BXVGA] unsupported io write to port 0x03d6, val=0x00
00065783334e[BXVGA] unsupported io write to port 0x03d6, val=0x00
00065783349e[CPU0 ] check_cs(0x544c): not a valid code segment !
00065783858e[BXVGA] unsupported io write to port 0x03d6, val=0x00
00065783864e[BXVGA] unsupported io write to port 0x03d6, val=0x00
00065783879e[CPU0 ] check_cs(0x544c): not a valid code segment !
00065784388e[BXVGA] unsupported io write to port 0x03d6, val=0x00
00065784394e[BXVGA] unsupported io write to port 0x03d6, val=0x00
00065784409e[CPU0 ] check_cs(0x544c): not a valid code segment !
00065784918e[BXVGA] unsupported io write to port 0x03d6, val=0x00
00065784924e[BXVGA] unsupported io write to port 0x03d6, val=0x00
00065784939e[CPU0 ] check_cs(0x544c): not a valid code segment !
00065785448e[BXVGA] unsupported io write to port 0x03d6, val=0x00
00065785454e[BXVGA] unsupported io write to port 0x03d6, val=0x00
00065785469e[CPU0 ] check_cs(0x544c): not a valid code segment !
00065785978e[BXVGA] unsupported io write to port 0x03d6, val=0x00
00065785984e[BXVGA] unsupported io write to port 0x03d6, val=0x00
00065785999e[CPU0 ] check_cs(0x544c): not a valid code segment !
00065786508e[BXVGA] unsupported io write to port 0x03d6, val=0x00
00065786514e[BXVGA] unsupported io write to port 0x03d6, val=0x00
00065786529e[CPU0 ] check_cs(0x544c): not a valid code segment !
00065787038e[BXVGA] unsupported io write to port 0x03d6, val=0x00
00065787044e[BXVGA] unsupported io write to port 0x03d6, val=0x00
00065787059e[CPU0 ] check_cs(0x544c): not a valid code segment !
00065787568e[BXVGA] unsupported io write to port 0x03d6, val=0x00
00065787574e[BXVGA] unsupported io write to port 0x03d6, val=0x00
00065787589e[CPU0 ] check_cs(0x544c): not a valid code segment !
00065800102e[BXVGA] unsupported io write to port 0x03d6, val=0x00
00065800108e[BXVGA] unsupported io write to port 0x03d6, val=0x00
00065800118e[BXVGA] unsupported io write to port 0x03d6, val=0x00
00065800124e[BXVGA] unsupported io write to port 0x03d6, val=0x00
00065800139e[CPU0 ] check_cs(0x544c): not a valid code segment !
00065800648e[BXVGA] unsupported io write to port 0x03d6, val=0x00
00065800654e[BXVGA] unsupported io write to port 0x03d6, val=0x00
00065800669e[CPU0 ] check_cs(0x544c): not a valid code segment !
00065801178e[BXVGA] unsupported io write to port 0x03d6, val=0x00
00065801184e[BXVGA] unsupported io write to port 0x03d6, val=0x00
00065801199e[CPU0 ] check_cs(0x544c): not a valid code segment !
00065801708e[BXVGA] unsupported io write to port 0x03d6, val=0x00
00065801714e[BXVGA] unsupported io write to port 0x03d6, val=0x00
00065801729e[CPU0 ] check_cs(0x544c): not a valid code segment !
00065802238e[BXVGA] unsupported io write to port 0x03d6, val=0x00
00065802244e[BXVGA] unsupported io write to port 0x03d6, val=0x00
00065802259e[CPU0 ] check_cs(0x544c): not a valid code segment !
00065802768e[BXVGA] unsupported io write to port 0x03d6, val=0x00
00065802774e[BXVGA] unsupported io write to port 0x03d6, val=0x00
00065802789e[CPU0 ] check_cs(0x544c): not a valid code segment !
00065803298e[BXVGA] unsupported io write to port 0x03d6, val=0x00
00065803304e[BXVGA] unsupported io write to port 0x03d6, val=0x00
00065803319e[CPU0 ] check_cs(0x544c): not a valid code segment !
00065803828e[BXVGA] unsupported io write to port 0x03d6, val=0x00
00065803834e[BXVGA] unsupported io write to port 0x03d6, val=0x00
00065803849e[CPU0 ] check_cs(0x544c): not a valid code segment !
00065804358e[BXVGA] unsupported io write to port 0x03d6, val=0x00
00065804364e[BXVGA] unsupported io write to port 0x03d6, val=0x00
00065804379e[CPU0 ] check_cs(0x544c): not a valid code segment !
00065804888e[BXVGA] unsupported io write to port 0x03d6, val=0x00
00065804894e[BXVGA] unsupported io write to port 0x03d6, val=0x00
00065804909e[CPU0 ] check_cs(0x544c): not a valid code segment !
00065805418e[BXVGA] unsupported io write to port 0x03d6, val=0x00
00065805424e[BXVGA] unsupported io write to port 0x03d6, val=0x00
00065805439e[CPU0 ] check_cs(0x544c): not a valid code segment !
00065805948e[BXVGA] unsupported io write to port 0x03d6, val=0x00
00065805954e[BXVGA] unsupported io write to port 0x03d6, val=0x00
00065805969e[CPU0 ] check_cs(0x544c): not a valid code segment !
00065806478e[BXVGA] unsupported io write to port 0x03d6, val=0x00
00065806484e[BXVGA] unsupported io write to port 0x03d6, val=0x00
00065806499e[CPU0 ] check_cs(0x544c): not a valid code segment !
00065807008e[BXVGA] unsupported io write to port 0x03d6, val=0x00
00065807014e[BXVGA] unsupported io write to port 0x03d6, val=0x00
00065807029e[CPU0 ] check_cs(0x544c): not a valid code segment !
00065807538e[BXVGA] unsupported io write to port 0x03d6, val=0x00
00065807544e[BXVGA] unsupported io write to port 0x03d6, val=0x00
00065807559e[CPU0 ] check_cs(0x544c): not a valid code segment !
00065808068e[BXVGA] unsupported io write to port 0x03d6, val=0x00
00065808074e[BXVGA] unsupported io write to port 0x03d6, val=0x00
00065808089e[CPU0 ] check_cs(0x544c): not a valid code segment !
00065808598e[BXVGA] unsupported io write to port 0x03d6, val=0x00
00065808604e[BXVGA] unsupported io write to port 0x03d6, val=0x00
00065808619e[CPU0 ] check_cs(0x544c): not a valid code segment !
00065809128e[BXVGA] unsupported io write to port 0x03d6, val=0x00
00065809134e[BXVGA] unsupported io write to port 0x03d6, val=0x00
00065809149e[CPU0 ] check_cs(0x544c): not a valid code segment !
00065809658e[BXVGA] unsupported io write to port 0x03d6, val=0x00
00065809664e[BXVGA] unsupported io write to port 0x03d6, val=0x00
00065809679e[CPU0 ] check_cs(0x544c): not a valid code segment !
00065810188e[BXVGA] unsupported io write to port 0x03d6, val=0x00
00065810194e[BXVGA] unsupported io write to port 0x03d6, val=0x00
00065810209e[CPU0 ] check_cs(0x544c): not a valid code segment !
00065810718e[BXVGA] unsupported io write to port 0x03d6, val=0x00
00065810724e[BXVGA] unsupported io write to port 0x03d6, val=0x00
00065810739e[CPU0 ] check_cs(0x544c): not a valid code segment !
00065811248e[BXVGA] unsupported io write to port 0x03d6, val=0x00
00065811254e[BXVGA] unsupported io write to port 0x03d6, val=0x00
00065811269e[CPU0 ] check_cs(0x544c): not a valid code segment !
00065811778e[BXVGA] unsupported io write to port 0x03d6, val=0x00
00065811784e[BXVGA] unsupported io write to port 0x03d6, val=0x00
00065811799e[CPU0 ] check_cs(0x544c): not a valid code segment !
00065812308e[BXVGA] unsupported io write to port 0x03d6, val=0x00
00065812314e[BXVGA] unsupported io write to port 0x03d6, val=0x00
00065812329e[CPU0 ] check_cs(0x544c): not a valid code segment !
00065812838e[BXVGA] unsupported io write to port 0x03d6, val=0x00
00065812844e[BXVGA] unsupported io write to port 0x03d6, val=0x00
00065812859e[CPU0 ] check_cs(0x544c): not a valid code segment !
00065825372e[BXVGA] unsupported io write to port 0x03d6, val=0x00
00065825378e[BXVGA] unsupported io write to port 0x03d6, val=0x00
00065825388e[BXVGA] unsupported io write to port 0x03d6, val=0x00
00065825394e[BXVGA] unsupported io write to port 0x03d6, val=0x00
00065825409e[CPU0 ] check_cs(0x544c): not a valid code segment !
00065825918e[BXVGA] unsupported io write to port 0x03d6, val=0x00
00065825924e[BXVGA] unsupported io write to port 0x03d6, val=0x00
00065825939e[CPU0 ] check_cs(0x544c): not a valid code segment !
00065826448e[BXVGA] unsupported io write to port 0x03d6, val=0x00
00065826454e[BXVGA] unsupported io write to port 0x03d6, val=0x00
00065826469e[CPU0 ] check_cs(0x544c): not a valid code segment !
00065826978e[BXVGA] unsupported io write to port 0x03d6, val=0x00
00065826984e[BXVGA] unsupported io write to port 0x03d6, val=0x00
00065826999e[CPU0 ] check_cs(0x544c): not a valid code segment !
00065827508e[BXVGA] unsupported io write to port 0x03d6, val=0x00
00065827514e[BXVGA] unsupported io write to port 0x03d6, val=0x00
00065827529e[CPU0 ] check_cs(0x544c): not a valid code segment !
00065828038e[BXVGA] unsupported io write to port 0x03d6, val=0x00
00065828044e[BXVGA] unsupported io write to port 0x03d6, val=0x00
00065828059e[CPU0 ] check_cs(0x544c): not a valid code segment !
00065828568e[BXVGA] unsupported io write to port 0x03d6, val=0x00
00065828574e[BXVGA] unsupported io write to port 0x03d6, val=0x00
00065828589e[CPU0 ] check_cs(0x544c): not a valid code segment !
00065829098e[BXVGA] unsupported io write to port 0x03d6, val=0x00
00065829104e[BXVGA] unsupported io write to port 0x03d6, val=0x00
00065829119e[CPU0 ] check_cs(0x544c): not a valid code segment !
00065829628e[BXVGA] unsupported io write to port 0x03d6, val=0x00
00065829634e[BXVGA] unsupported io write to port 0x03d6, val=0x00
00065829649e[CPU0 ] check_cs(0x544c): not a valid code segment !
00065830158e[BXVGA] unsupported io write to port 0x03d6, val=0x00
00065830164e[BXVGA] unsupported io write to port 0x03d6, val=0x00
00065830179e[CPU0 ] check_cs(0x544c): not a valid code segment !
00065830688e[BXVGA] unsupported io write to port 0x03d6, val=0x00
00065830694e[BXVGA] unsupported io write to port 0x03d6, val=0x00
00065830709e[CPU0 ] check_cs(0x544c): not a valid code segment !
00065831218e[BXVGA] unsupported io write to port 0x03d6, val=0x00
00065831224e[BXVGA] unsupported io write to port 0x03d6, val=0x00
00065831239e[CPU0 ] check_cs(0x544c): not a valid code segment !
00065831748e[BXVGA] unsupported io write to port 0x03d6, val=0x00
00065831754e[BXVGA] unsupported io write to port 0x03d6, val=0x00
00065831769e[CPU0 ] check_cs(0x544c): not a valid code segment !
00065832278e[BXVGA] unsupported io write to port 0x03d6, val=0x00
00065832284e[BXVGA] unsupported io write to port 0x03d6, val=0x00
00065832299e[CPU0 ] check_cs(0x544c): not a valid code segment !
00065832808e[BXVGA] unsupported io write to port 0x03d6, val=0x00
00065832814e[BXVGA] unsupported io write to port 0x03d6, val=0x00
00065832829e[CPU0 ] check_cs(0x544c): not a valid code segment !
00065833338e[BXVGA] unsupported io write to port 0x03d6, val=0x00
00065833344e[BXVGA] unsupported io write to port 0x03d6, val=0x00
00065833359e[CPU0 ] check_cs(0x544c): not a valid code segment !
00065833868e[BXVGA] unsupported io write to port 0x03d6, val=0x00
00065833874e[BXVGA] unsupported io write to port 0x03d6, val=0x00
00065833889e[CPU0 ] check_cs(0x544c): not a valid code segment !
00065834398e[BXVGA] unsupported io write to port 0x03d6, val=0x00
00065834404e[BXVGA] unsupported io write to port 0x03d6, val=0x00
00065834419e[CPU0 ] check_cs(0x544c): not a valid code segment !
00065834928e[BXVGA] unsupported io write to port 0x03d6, val=0x00
00065834934e[BXVGA] unsupported io write to port 0x03d6, val=0x00
00065834949e[CPU0 ] check_cs(0x544c): not a valid code segment !
00065835458e[BXVGA] unsupported io write to port 0x03d6, val=0x00
00065835464e[BXVGA] unsupported io write to port 0x03d6, val=0x00
00065835479e[CPU0 ] check_cs(0x544c): not a valid code segment !
00065835988e[BXVGA] unsupported io write to port 0x03d6, val=0x00
00065835994e[BXVGA] unsupported io write to port 0x03d6, val=0x00
00065836009e[CPU0 ] check_cs(0x544c): not a valid code segment !
00065836518e[BXVGA] unsupported io write to port 0x03d6, val=0x00
00065836524e[BXVGA] unsupported io write to port 0x03d6, val=0x00
00065836539e[CPU0 ] check_cs(0x544c): not a valid code segment !
00065837048e[BXVGA] unsupported io write to port 0x03d6, val=0x00
00065837054e[BXVGA] unsupported io write to port 0x03d6, val=0x00
00065837069e[CPU0 ] check_cs(0x544c): not a valid code segment !
00065837578e[BXVGA] unsupported io write to port 0x03d6, val=0x00
00065837584e[BXVGA] unsupported io write to port 0x03d6, val=0x00
00065837599e[CPU0 ] check_cs(0x544c): not a valid code segment !
00065838108e[BXVGA] unsupported io write to port 0x03d6, val=0x00
00065838114e[BXVGA] unsupported io write to port 0x03d6, val=0x00
00065838129e[CPU0 ] check_cs(0x544c): not a valid code segment !
00065850642e[BXVGA] unsupported io write to port 0x03d6, val=0x00
00065850648e[BXVGA] unsupported io write to port 0x03d6, val=0x00
00065850658e[BXVGA] unsupported io write to port 0x03d6, val=0x00
00065850664e[BXVGA] unsupported io write to port 0x03d6, val=0x00
00065850679e[CPU0 ] check_cs(0x544c): not a valid code segment !
00065851188e[BXVGA] unsupported io write to port 0x03d6, val=0x00
00065851194e[BXVGA] unsupported io write to port 0x03d6, val=0x00
00065851209e[CPU0 ] check_cs(0x544c): not a valid code segment !
00065851718e[BXVGA] unsupported io write to port 0x03d6, val=0x00
00065851724e[BXVGA] unsupported io write to port 0x03d6, val=0x00
00065851739e[CPU0 ] check_cs(0x544c): not a valid code segment !
00065852248e[BXVGA] unsupported io write to port 0x03d6, val=0x00
00065852254e[BXVGA] unsupported io write to port 0x03d6, val=0x00
00065852269e[CPU0 ] check_cs(0x544c): not a valid code segment !
00065852778e[BXVGA] unsupported io write to port 0x03d6, val=0x00
00065852784e[BXVGA] unsupported io write to port 0x03d6, val=0x00
00065852799e[CPU0 ] check_cs(0x544c): not a valid code segment !
00065853308e[BXVGA] unsupported io write to port 0x03d6, val=0x00
00065853314e[BXVGA] unsupported io write to port 0x03d6, val=0x00
00065853329e[CPU0 ] check_cs(0x544c): not a valid code segment !
00065853838e[BXVGA] unsupported io write to port 0x03d6, val=0x00
00065853844e[BXVGA] unsupported io write to port 0x03d6, val=0x00
00065853859e[CPU0 ] check_cs(0x544c): not a valid code segment !
00065854368e[BXVGA] unsupported io write to port 0x03d6, val=0x00
00065854374e[BXVGA] unsupported io write to port 0x03d6, val=0x00
00065854389e[CPU0 ] check_cs(0x544c): not a valid code segment !
00065854898e[BXVGA] unsupported io write to port 0x03d6, val=0x00
00065854904e[BXVGA] unsupported io write to port 0x03d6, val=0x00
00065854919e[CPU0 ] check_cs(0x544c): not a valid code segment !
00065855428e[BXVGA] unsupported io write to port 0x03d6, val=0x00
00065855434e[BXVGA] unsupported io write to port 0x03d6, val=0x00
00065855449e[CPU0 ] check_cs(0x544c): not a valid code segment !
00065855958e[BXVGA] unsupported io write to port 0x03d6, val=0x00
00065855964e[BXVGA] unsupported io write to port 0x03d6, val=0x00
00065855979e[CPU0 ] check_cs(0x544c): not a valid code segment !
00065856488e[BXVGA] unsupported io write to port 0x03d6, val=0x00
00065856494e[BXVGA] unsupported io write to port 0x03d6, val=0x00
00065856509e[CPU0 ] check_cs(0x544c): not a valid code segment !
00065857018e[BXVGA] unsupported io write to port 0x03d6, val=0x00
00065857024e[BXVGA] unsupported io write to port 0x03d6, val=0x00
00065857039e[CPU0 ] check_cs(0x544c): not a valid code segment !
00065857548e[BXVGA] unsupported io write to port 0x03d6, val=0x00
00065857554e[BXVGA] unsupported io write to port 0x03d6, val=0x00
00065857569e[CPU0 ] check_cs(0x544c): not a valid code segment !
00065858078e[BXVGA] unsupported io write to port 0x03d6, val=0x00
00065858084e[BXVGA] unsupported io write to port 0x03d6, val=0x00
00065858099e[CPU0 ] check_cs(0x544c): not a valid code segment !
00065858608e[BXVGA] unsupported io write to port 0x03d6, val=0x00
00065858614e[BXVGA] unsupported io write to port 0x03d6, val=0x00
00065858629e[CPU0 ] check_cs(0x544c): not a valid code segment !
00065859138e[BXVGA] unsupported io write to port 0x03d6, val=0x00
00065859144e[BXVGA] unsupported io write to port 0x03d6, val=0x00
00065859159e[CPU0 ] check_cs(0x544c): not a valid code segment !
00065859668e[BXVGA] unsupported io write to port 0x03d6, val=0x00
00065859674e[BXVGA] unsupported io write to port 0x03d6, val=0x00
00065859689e[CPU0 ] check_cs(0x544c): not a valid code segment !
00065860198e[BXVGA] unsupported io write to port 0x03d6, val=0x00
00065860204e[BXVGA] unsupported io write to port 0x03d6, val=0x00
00065860219e[CPU0 ] check_cs(0x544c): not a valid code segment !
00065860728e[BXVGA] unsupported io write to port 0x03d6, val=0x00
00065860734e[BXVGA] unsupported io write to port 0x03d6, val=0x00
00065860749e[CPU0 ] check_cs(0x544c): not a valid code segment !
00065861258e[BXVGA] unsupported io write to port 0x03d6, val=0x00
00065861264e[BXVGA] unsupported io write to port 0x03d6, val=0x00
00065861279e[CPU0 ] check_cs(0x544c): not a valid code segment !
00065861788e[BXVGA] unsupported io write to port 0x03d6, val=0x00
00065861794e[BXVGA] unsupported io write to port 0x03d6, val=0x00
00065861809e[CPU0 ] check_cs(0x544c): not a valid code segment !
00065862318e[BXVGA] unsupported io write to port 0x03d6, val=0x00
00065862324e[BXVGA] unsupported io write to port 0x03d6, val=0x00
00065862339e[CPU0 ] check_cs(0x544c): not a valid code segment !
00065862848e[BXVGA] unsupported io write to port 0x03d6, val=0x00
00065862854e[BXVGA] unsupported io write to port 0x03d6, val=0x00
00065862869e[CPU0 ] check_cs(0x544c): not a valid code segment !
00065863378e[BXVGA] unsupported io write to port 0x03d6, val=0x00
00065863384e[BXVGA] unsupported io write to port 0x03d6, val=0x00
00065863399e[CPU0 ] check_cs(0x544c): not a valid code segment !
00065875912e[BXVGA] unsupported io write to port 0x03d6, val=0x00
00065875918e[BXVGA] unsupported io write to port 0x03d6, val=0x00
00065875928e[BXVGA] unsupported io write to port 0x03d6, val=0x00
00065875934e[BXVGA] unsupported io write to port 0x03d6, val=0x00
00065875949e[CPU0 ] check_cs(0x544c): not a valid code segment !
00065876458e[BXVGA] unsupported io write to port 0x03d6, val=0x00
00065876464e[BXVGA] unsupported io write to port 0x03d6, val=0x00
00065876479e[CPU0 ] check_cs(0x544c): not a valid code segment !
00065876988e[BXVGA] unsupported io write to port 0x03d6, val=0x00
00065876994e[BXVGA] unsupported io write to port 0x03d6, val=0x00
00065877009e[CPU0 ] check_cs(0x544c): not a valid code segment !
00065877518e[BXVGA] unsupported io write to port 0x03d6, val=0x00
00065877524e[BXVGA] unsupported io write to port 0x03d6, val=0x00
00065877539e[CPU0 ] check_cs(0x544c): not a valid code segment !
00065878048e[BXVGA] unsupported io write to port 0x03d6, val=0x00
00065878054e[BXVGA] unsupported io write to port 0x03d6, val=0x00
00065878069e[CPU0 ] check_cs(0x544c): not a valid code segment !
00065878578e[BXVGA] unsupported io write to port 0x03d6, val=0x00
00065878584e[BXVGA] unsupported io write to port 0x03d6, val=0x00
00065878599e[CPU0 ] check_cs(0x544c): not a valid code segment !
00065879108e[BXVGA] unsupported io write to port 0x03d6, val=0x00
00065879114e[BXVGA] unsupported io write to port 0x03d6, val=0x00
00065879129e[CPU0 ] check_cs(0x544c): not a valid code segment !
00065879638e[BXVGA] unsupported io write to port 0x03d6, val=0x00
00065879644e[BXVGA] unsupported io write to port 0x03d6, val=0x00
00065879659e[CPU0 ] check_cs(0x544c): not a valid code segment !
00065880168e[BXVGA] unsupported io write to port 0x03d6, val=0x00
00065880174e[BXVGA] unsupported io write to port 0x03d6, val=0x00
00065880189e[CPU0 ] check_cs(0x544c): not a valid code segment !
00065880698e[BXVGA] unsupported io write to port 0x03d6, val=0x00
00065880704e[BXVGA] unsupported io write to port 0x03d6, val=0x00
00065880719e[CPU0 ] check_cs(0x544c): not a valid code segment !
00065881228e[BXVGA] unsupported io write to port 0x03d6, val=0x00
00065881234e[BXVGA] unsupported io write to port 0x03d6, val=0x00
00065881249e[CPU0 ] check_cs(0x544c): not a valid code segment !
00065881758e[BXVGA] unsupported io write to port 0x03d6, val=0x00
00065881764e[BXVGA] unsupported io write to port 0x03d6, val=0x00
00065881779e[CPU0 ] check_cs(0x544c): not a valid code segment !
00065882288e[BXVGA] unsupported io write to port 0x03d6, val=0x00
00065882294e[BXVGA] unsupported io write to port 0x03d6, val=0x00
00065882309e[CPU0 ] check_cs(0x544c): not a valid code segment !
00065882818e[BXVGA] unsupported io write to port 0x03d6, val=0x00
00065882824e[BXVGA] unsupported io write to port 0x03d6, val=0x00
00065882839e[CPU0 ] check_cs(0x544c): not a valid code segment !
00065883348e[BXVGA] unsupported io write to port 0x03d6, val=0x00
00065883354e[BXVGA] unsupported io write to port 0x03d6, val=0x00
00065883369e[CPU0 ] check_cs(0x544c): not a valid code segment !
00065883878e[BXVGA] unsupported io write to port 0x03d6, val=0x00
00065883884e[BXVGA] unsupported io write to port 0x03d6, val=0x00
00065883899e[CPU0 ] check_cs(0x544c): not a valid code segment !
00065884408e[BXVGA] unsupported io write to port 0x03d6, val=0x00
00065884414e[BXVGA] unsupported io write to port 0x03d6, val=0x00
00065884429e[CPU0 ] check_cs(0x544c): not a valid code segment !
00065884938e[BXVGA] unsupported io write to port 0x03d6, val=0x00
00065884944e[BXVGA] unsupported io write to port 0x03d6, val=0x00
00065884959e[CPU0 ] check_cs(0x544c): not a valid code segment !
00065885468e[BXVGA] unsupported io write to port 0x03d6, val=0x00
00065885474e[BXVGA] unsupported io write to port 0x03d6, val=0x00
00065885489e[CPU0 ] check_cs(0x544c): not a valid code segment !
00065885998e[BXVGA] unsupported io write to port 0x03d6, val=0x00
00065886004e[BXVGA] unsupported io write to port 0x03d6, val=0x00
00065886019e[CPU0 ] check_cs(0x544c): not a valid code segment !
00065886528e[BXVGA] unsupported io write to port 0x03d6, val=0x00
00065886534e[BXVGA] unsupported io write to port 0x03d6, val=0x00
00065886549e[CPU0 ] check_cs(0x544c): not a valid code segment !
00065887058e[BXVGA] unsupported io write to port 0x03d6, val=0x00
00065887064e[BXVGA] unsupported io write to port 0x03d6, val=0x00
00065887079e[CPU0 ] check_cs(0x544c): not a valid code segment !
00065887588e[BXVGA] unsupported io write to port 0x03d6, val=0x00
00065887594e[BXVGA] unsupported io write to port 0x03d6, val=0x00
00065887609e[CPU0 ] check_cs(0x544c): not a valid code segment !
00065888118e[BXVGA] unsupported io write to port 0x03d6, val=0x00
00065888124e[BXVGA] unsupported io write to port 0x03d6, val=0x00
00065888139e[CPU0 ] check_cs(0x544c): not a valid code segment !
00065888648e[BXVGA] unsupported io write to port 0x03d6, val=0x00
00065888654e[BXVGA] unsupported io write to port 0x03d6, val=0x00
00065888669e[CPU0 ] check_cs(0x544c): not a valid code segment !
00065901182e[BXVGA] unsupported io write to port 0x03d6, val=0x00
00065901188e[BXVGA] unsupported io write to port 0x03d6, val=0x00
00065901198e[BXVGA] unsupported io write to port 0x03d6, val=0x00
00065901204e[BXVGA] unsupported io write to port 0x03d6, val=0x00
00065901219e[CPU0 ] check_cs(0x544c): not a valid code segment !
00065901728e[BXVGA] unsupported io write to port 0x03d6, val=0x00
00065901734e[BXVGA] unsupported io write to port 0x03d6, val=0x00
00065901749e[CPU0 ] check_cs(0x544c): not a valid code segment !
00065902258e[BXVGA] unsupported io write to port 0x03d6, val=0x00
00065902264e[BXVGA] unsupported io write to port 0x03d6, val=0x00
00065902279e[CPU0 ] check_cs(0x544c): not a valid code segment !
00065902788e[BXVGA] unsupported io write to port 0x03d6, val=0x00
00065902794e[BXVGA] unsupported io write to port 0x03d6, val=0x00
00065902809e[CPU0 ] check_cs(0x544c): not a valid code segment !
00065903318e[BXVGA] unsupported io write to port 0x03d6, val=0x00
00065903324e[BXVGA] unsupported io write to port 0x03d6, val=0x00
00065903339e[CPU0 ] check_cs(0x544c): not a valid code segment !
00065903848e[BXVGA] unsupported io write to port 0x03d6, val=0x00
00065903854e[BXVGA] unsupported io write to port 0x03d6, val=0x00
00065903869e[CPU0 ] check_cs(0x544c): not a valid code segment !
00065904378e[BXVGA] unsupported io write to port 0x03d6, val=0x00
00065904384e[BXVGA] unsupported io write to port 0x03d6, val=0x00
00065904399e[CPU0 ] check_cs(0x544c): not a valid code segment !
00065904908e[BXVGA] unsupported io write to port 0x03d6, val=0x00
00065904914e[BXVGA] unsupported io write to port 0x03d6, val=0x00
00065904929e[CPU0 ] check_cs(0x544c): not a valid code segment !
00065905438e[BXVGA] unsupported io write to port 0x03d6, val=0x00
00065905444e[BXVGA] unsupported io write to port 0x03d6, val=0x00
00065905459e[CPU0 ] check_cs(0x544c): not a valid code segment !
00065905968e[BXVGA] unsupported io write to port 0x03d6, val=0x00
00065905974e[BXVGA] unsupported io write to port 0x03d6, val=0x00
00065905989e[CPU0 ] check_cs(0x544c): not a valid code segment !
00065906498e[BXVGA] unsupported io write to port 0x03d6, val=0x00
00065906504e[BXVGA] unsupported io write to port 0x03d6, val=0x00
00065906519e[CPU0 ] check_cs(0x544c): not a valid code segment !
00065907028e[BXVGA] unsupported io write to port 0x03d6, val=0x00
00065907034e[BXVGA] unsupported io write to port 0x03d6, val=0x00
00065907049e[CPU0 ] check_cs(0x544c): not a valid code segment !
00065907558e[BXVGA] unsupported io write to port 0x03d6, val=0x00
00065907564e[BXVGA] unsupported io write to port 0x03d6, val=0x00
00065907579e[CPU0 ] check_cs(0x544c): not a valid code segment !
00065908088e[BXVGA] unsupported io write to port 0x03d6, val=0x00
00065908094e[BXVGA] unsupported io write to port 0x03d6, val=0x00
00065908109e[CPU0 ] check_cs(0x544c): not a valid code segment !
00065908618e[BXVGA] unsupported io write to port 0x03d6, val=0x00
00065908624e[BXVGA] unsupported io write to port 0x03d6, val=0x00
00065908639e[CPU0 ] check_cs(0x544c): not a valid code segment !
00065909148e[BXVGA] unsupported io write to port 0x03d6, val=0x00
00065909154e[BXVGA] unsupported io write to port 0x03d6, val=0x00
00065909169e[CPU0 ] check_cs(0x544c): not a valid code segment !
00065909678e[BXVGA] unsupported io write to port 0x03d6, val=0x00
00065909684e[BXVGA] unsupported io write to port 0x03d6, val=0x00
00065909699e[CPU0 ] check_cs(0x544c): not a valid code segment !
00065910208e[BXVGA] unsupported io write to port 0x03d6, val=0x00
00065910214e[BXVGA] unsupported io write to port 0x03d6, val=0x00
00065910229e[CPU0 ] check_cs(0x544c): not a valid code segment !
00065910738e[BXVGA] unsupported io write to port 0x03d6, val=0x00
00065910744e[BXVGA] unsupported io write to port 0x03d6, val=0x00
00065910759e[CPU0 ] check_cs(0x544c): not a valid code segment !
00065911268e[BXVGA] unsupported io write to port 0x03d6, val=0x00
00065911274e[BXVGA] unsupported io write to port 0x03d6, val=0x00
00065911289e[CPU0 ] check_cs(0x544c): not a valid code segment !
00065911798e[BXVGA] unsupported io write to port 0x03d6, val=0x00
00065911804e[BXVGA] unsupported io write to port 0x03d6, val=0x00
00065911819e[CPU0 ] check_cs(0x544c): not a valid code segment !
00065912328e[BXVGA] unsupported io write to port 0x03d6, val=0x00
00065912334e[BXVGA] unsupported io write to port 0x03d6, val=0x00
00065912349e[CPU0 ] check_cs(0x544c): not a valid code segment !
00065912858e[BXVGA] unsupported io write to port 0x03d6, val=0x00
00065912864e[BXVGA] unsupported io write to port 0x03d6, val=0x00
00065912879e[CPU0 ] check_cs(0x544c): not a valid code segment !
00065913388e[BXVGA] unsupported io write to port 0x03d6, val=0x00
00065913394e[BXVGA] unsupported io write to port 0x03d6, val=0x00
00065913409e[CPU0 ] check_cs(0x544c): not a valid code segment !
00065913918e[BXVGA] unsupported io write to port 0x03d6, val=0x00
00065913924e[BXVGA] unsupported io write to port 0x03d6, val=0x00
00065913939e[CPU0 ] check_cs(0x544c): not a valid code segment !
00065926452e[BXVGA] unsupported io write to port 0x03d6, val=0x00
00065926458e[BXVGA] unsupported io write to port 0x03d6, val=0x00
00065926468e[BXVGA] unsupported io write to port 0x03d6, val=0x00
00065926474e[BXVGA] unsupported io write to port 0x03d6, val=0x00
00065926489e[CPU0 ] check_cs(0x544c): not a valid code segment !
00065926998e[BXVGA] unsupported io write to port 0x03d6, val=0x00
00065927004e[BXVGA] unsupported io write to port 0x03d6, val=0x00
00065927019e[CPU0 ] check_cs(0x544c): not a valid code segment !
00065927528e[BXVGA] unsupported io write to port 0x03d6, val=0x00
00065927534e[BXVGA] unsupported io write to port 0x03d6, val=0x00
00065927549e[CPU0 ] check_cs(0x544c): not a valid code segment !
00065928058e[BXVGA] unsupported io write to port 0x03d6, val=0x00
00065928064e[BXVGA] unsupported io write to port 0x03d6, val=0x00
00065928079e[CPU0 ] check_cs(0x544c): not a valid code segment !
00065928588e[BXVGA] unsupported io write to port 0x03d6, val=0x00
00065928594e[BXVGA] unsupported io write to port 0x03d6, val=0x00
00065928609e[CPU0 ] check_cs(0x544c): not a valid code segment !
00065929118e[BXVGA] unsupported io write to port 0x03d6, val=0x00
00065929124e[BXVGA] unsupported io write to port 0x03d6, val=0x00
00065929139e[CPU0 ] check_cs(0x544c): not a valid code segment !
00065929648e[BXVGA] unsupported io write to port 0x03d6, val=0x00
00065929654e[BXVGA] unsupported io write to port 0x03d6, val=0x00
00065929669e[CPU0 ] check_cs(0x544c): not a valid code segment !
00065930178e[BXVGA] unsupported io write to port 0x03d6, val=0x00
00065930184e[BXVGA] unsupported io write to port 0x03d6, val=0x00
00065930199e[CPU0 ] check_cs(0x544c): not a valid code segment !
00065930708e[BXVGA] unsupported io write to port 0x03d6, val=0x00
00065930714e[BXVGA] unsupported io write to port 0x03d6, val=0x00
00065930729e[CPU0 ] check_cs(0x544c): not a valid code segment !
00065931238e[BXVGA] unsupported io write to port 0x03d6, val=0x00
00065931244e[BXVGA] unsupported io write to port 0x03d6, val=0x00
00065931259e[CPU0 ] check_cs(0x544c): not a valid code segment !
00065931768e[BXVGA] unsupported io write to port 0x03d6, val=0x00
00065931774e[BXVGA] unsupported io write to port 0x03d6, val=0x00
00065931789e[CPU0 ] check_cs(0x544c): not a valid code segment !
00065932298e[BXVGA] unsupported io write to port 0x03d6, val=0x00
00065932304e[BXVGA] unsupported io write to port 0x03d6, val=0x00
00065932319e[CPU0 ] check_cs(0x544c): not a valid code segment !
00065932828e[BXVGA] unsupported io write to port 0x03d6, val=0x00
00065932834e[BXVGA] unsupported io write to port 0x03d6, val=0x00
00065932849e[CPU0 ] check_cs(0x544c): not a valid code segment !
00065933358e[BXVGA] unsupported io write to port 0x03d6, val=0x00
00065933364e[BXVGA] unsupported io write to port 0x03d6, val=0x00
00065933379e[CPU0 ] check_cs(0x544c): not a valid code segment !
00065933888e[BXVGA] unsupported io write to port 0x03d6, val=0x00
00065933894e[BXVGA] unsupported io write to port 0x03d6, val=0x00
00065933909e[CPU0 ] check_cs(0x544c): not a valid code segment !
00065934418e[BXVGA] unsupported io write to port 0x03d6, val=0x00
00065934424e[BXVGA] unsupported io write to port 0x03d6, val=0x00
00065934439e[CPU0 ] check_cs(0x544c): not a valid code segment !
00065934948e[BXVGA] unsupported io write to port 0x03d6, val=0x00
00065934954e[BXVGA] unsupported io write to port 0x03d6, val=0x00
00065934969e[CPU0 ] check_cs(0x544c): not a valid code segment !
00065935478e[BXVGA] unsupported io write to port 0x03d6, val=0x00
00065935484e[BXVGA] unsupported io write to port 0x03d6, val=0x00
00065935499e[CPU0 ] check_cs(0x544c): not a valid code segment !
00065936008e[BXVGA] unsupported io write to port 0x03d6, val=0x00
00065936014e[BXVGA] unsupported io write to port 0x03d6, val=0x00
00065936029e[CPU0 ] check_cs(0x544c): not a valid code segment !
00065936538e[BXVGA] unsupported io write to port 0x03d6, val=0x00
00065936544e[BXVGA] unsupported io write to port 0x03d6, val=0x00
00065936559e[CPU0 ] check_cs(0x544c): not a valid code segment !
00065937068e[BXVGA] unsupported io write to port 0x03d6, val=0x00
00065937074e[BXVGA] unsupported io write to port 0x03d6, val=0x00
00065937089e[CPU0 ] check_cs(0x544c): not a valid code segment !
00065937598e[BXVGA] unsupported io write to port 0x03d6, val=0x00
00065937604e[BXVGA] unsupported io write to port 0x03d6, val=0x00
00065937619e[CPU0 ] check_cs(0x544c): not a valid code segment !
00065938128e[BXVGA] unsupported io write to port 0x03d6, val=0x00
00065938134e[BXVGA] unsupported io write to port 0x03d6, val=0x00
00065938149e[CPU0 ] check_cs(0x544c): not a valid code segment !
00065938658e[BXVGA] unsupported io write to port 0x03d6, val=0x00
00065938664e[BXVGA] unsupported io write to port 0x03d6, val=0x00
00065938679e[CPU0 ] check_cs(0x544c): not a valid code segment !
00065939188e[BXVGA] unsupported io write to port 0x03d6, val=0x00
00065939194e[BXVGA] unsupported io write to port 0x03d6, val=0x00
00065939209e[CPU0 ] check_cs(0x544c): not a valid code segment !
00065951722e[BXVGA] unsupported io write to port 0x03d6, val=0x00
00065951728e[BXVGA] unsupported io write to port 0x03d6, val=0x00
00065951738e[BXVGA] unsupported io write to port 0x03d6, val=0x00
00065951744e[BXVGA] unsupported io write to port 0x03d6, val=0x00
00065951759e[CPU0 ] check_cs(0x544c): not a valid code segment !
00065952268e[BXVGA] unsupported io write to port 0x03d6, val=0x00
00065952274e[BXVGA] unsupported io write to port 0x03d6, val=0x00
00065952289e[CPU0 ] check_cs(0x544c): not a valid code segment !
00065952798e[BXVGA] unsupported io write to port 0x03d6, val=0x00
00065952804e[BXVGA] unsupported io write to port 0x03d6, val=0x00
00065952819e[CPU0 ] check_cs(0x544c): not a valid code segment !
00065953328e[BXVGA] unsupported io write to port 0x03d6, val=0x00
00065953334e[BXVGA] unsupported io write to port 0x03d6, val=0x00
00065953349e[CPU0 ] check_cs(0x544c): not a valid code segment !
00065953858e[BXVGA] unsupported io write to port 0x03d6, val=0x00
00065953864e[BXVGA] unsupported io write to port 0x03d6, val=0x00
00065953879e[CPU0 ] check_cs(0x544c): not a valid code segment !
00065954388e[BXVGA] unsupported io write to port 0x03d6, val=0x00
00065954394e[BXVGA] unsupported io write to port 0x03d6, val=0x00
00065954409e[CPU0 ] check_cs(0x544c): not a valid code segment !
00065954918e[BXVGA] unsupported io write to port 0x03d6, val=0x00
00065954924e[BXVGA] unsupported io write to port 0x03d6, val=0x00
00065954939e[CPU0 ] check_cs(0x544c): not a valid code segment !
00065955448e[BXVGA] unsupported io write to port 0x03d6, val=0x00
00065955454e[BXVGA] unsupported io write to port 0x03d6, val=0x00
00065955469e[CPU0 ] check_cs(0x544c): not a valid code segment !
00065955978e[BXVGA] unsupported io write to port 0x03d6, val=0x00
00065955984e[BXVGA] unsupported io write to port 0x03d6, val=0x00
00065955999e[CPU0 ] check_cs(0x544c): not a valid code segment !
00065956508e[BXVGA] unsupported io write to port 0x03d6, val=0x00
00065956514e[BXVGA] unsupported io write to port 0x03d6, val=0x00
00065956529e[CPU0 ] check_cs(0x544c): not a valid code segment !
00065957038e[BXVGA] unsupported io write to port 0x03d6, val=0x00
00065957044e[BXVGA] unsupported io write to port 0x03d6, val=0x00
00065957059e[CPU0 ] check_cs(0x544c): not a valid code segment !
00065957568e[BXVGA] unsupported io write to port 0x03d6, val=0x00
00065957574e[BXVGA] unsupported io write to port 0x03d6, val=0x00
00065957589e[CPU0 ] check_cs(0x544c): not a valid code segment !
00065958098e[BXVGA] unsupported io write to port 0x03d6, val=0x00
00065958104e[BXVGA] unsupported io write to port 0x03d6, val=0x00
00065958119e[CPU0 ] check_cs(0x544c): not a valid code segment !
00065958628e[BXVGA] unsupported io write to port 0x03d6, val=0x00
00065958634e[BXVGA] unsupported io write to port 0x03d6, val=0x00
00065958649e[CPU0 ] check_cs(0x544c): not a valid code segment !
00065959158e[BXVGA] unsupported io write to port 0x03d6, val=0x00
00065959164e[BXVGA] unsupported io write to port 0x03d6, val=0x00
00065959179e[CPU0 ] check_cs(0x544c): not a valid code segment !
00065959688e[BXVGA] unsupported io write to port 0x03d6, val=0x00
00065959694e[BXVGA] unsupported io write to port 0x03d6, val=0x00
00065959709e[CPU0 ] check_cs(0x544c): not a valid code segment !
00065960218e[BXVGA] unsupported io write to port 0x03d6, val=0x00
00065960224e[BXVGA] unsupported io write to port 0x03d6, val=0x00
00065960239e[CPU0 ] check_cs(0x544c): not a valid code segment !
00065960748e[BXVGA] unsupported io write to port 0x03d6, val=0x00
00065960754e[BXVGA] unsupported io write to port 0x03d6, val=0x00
00065960769e[CPU0 ] check_cs(0x544c): not a valid code segment !
00065961278e[BXVGA] unsupported io write to port 0x03d6, val=0x00
00065961284e[BXVGA] unsupported io write to port 0x03d6, val=0x00
00065961299e[CPU0 ] check_cs(0x544c): not a valid code segment !
00065961808e[BXVGA] unsupported io write to port 0x03d6, val=0x00
00065961814e[BXVGA] unsupported io write to port 0x03d6, val=0x00
00065961829e[CPU0 ] check_cs(0x544c): not a valid code segment !
00065962338e[BXVGA] unsupported io write to port 0x03d6, val=0x00
00065962344e[BXVGA] unsupported io write to port 0x03d6, val=0x00
00065962359e[CPU0 ] check_cs(0x544c): not a valid code segment !
00065962868e[BXVGA] unsupported io write to port 0x03d6, val=0x00
00065962874e[BXVGA] unsupported io write to port 0x03d6, val=0x00
00065962889e[CPU0 ] check_cs(0x544c): not a valid code segment !
00065963398e[BXVGA] unsupported io write to port 0x03d6, val=0x00
00065963404e[BXVGA] unsupported io write to port 0x03d6, val=0x00
00065963419e[CPU0 ] check_cs(0x544c): not a valid code segment !
00065963928e[BXVGA] unsupported io write to port 0x03d6, val=0x00
00065963934e[BXVGA] unsupported io write to port 0x03d6, val=0x00
00065963949e[CPU0 ] check_cs(0x544c): not a valid code segment !
00065964458e[BXVGA] unsupported io write to port 0x03d6, val=0x00
00065964464e[BXVGA] unsupported io write to port 0x03d6, val=0x00
00065964479e[CPU0 ] check_cs(0x544c): not a valid code segment !
00065976992e[BXVGA] unsupported io write to port 0x03d6, val=0x00
00065976998e[BXVGA] unsupported io write to port 0x03d6, val=0x00
00065977008e[BXVGA] unsupported io write to port 0x03d6, val=0x00
00065977014e[BXVGA] unsupported io write to port 0x03d6, val=0x00
00065977029e[CPU0 ] check_cs(0x544c): not a valid code segment !
00065977538e[BXVGA] unsupported io write to port 0x03d6, val=0x00
00065977544e[BXVGA] unsupported io write to port 0x03d6, val=0x00
00065977559e[CPU0 ] check_cs(0x544c): not a valid code segment !
00065978068e[BXVGA] unsupported io write to port 0x03d6, val=0x00
00065978074e[BXVGA] unsupported io write to port 0x03d6, val=0x00
00065978089e[CPU0 ] check_cs(0x544c): not a valid code segment !
00065978598e[BXVGA] unsupported io write to port 0x03d6, val=0x00
00065978604e[BXVGA] unsupported io write to port 0x03d6, val=0x00
00065978619e[CPU0 ] check_cs(0x544c): not a valid code segment !
00065979128e[BXVGA] unsupported io write to port 0x03d6, val=0x00
00065979134e[BXVGA] unsupported io write to port 0x03d6, val=0x00
00065979149e[CPU0 ] check_cs(0x544c): not a valid code segment !
00065979658e[BXVGA] unsupported io write to port 0x03d6, val=0x00
00065979664e[BXVGA] unsupported io write to port 0x03d6, val=0x00
00065979679e[CPU0 ] check_cs(0x544c): not a valid code segment !
00065980188e[BXVGA] unsupported io write to port 0x03d6, val=0x00
00065980194e[BXVGA] unsupported io write to port 0x03d6, val=0x00
00065980209e[CPU0 ] check_cs(0x544c): not a valid code segment !
00065980718e[BXVGA] unsupported io write to port 0x03d6, val=0x00
00065980724e[BXVGA] unsupported io write to port 0x03d6, val=0x00
00065980739e[CPU0 ] check_cs(0x544c): not a valid code segment !
00065981248e[BXVGA] unsupported io write to port 0x03d6, val=0x00
00065981254e[BXVGA] unsupported io write to port 0x03d6, val=0x00
00065981269e[CPU0 ] check_cs(0x544c): not a valid code segment !
00065981778e[BXVGA] unsupported io write to port 0x03d6, val=0x00
00065981784e[BXVGA] unsupported io write to port 0x03d6, val=0x00
00065981799e[CPU0 ] check_cs(0x544c): not a valid code segment !
00065982308e[BXVGA] unsupported io write to port 0x03d6, val=0x00
00065982314e[BXVGA] unsupported io write to port 0x03d6, val=0x00
00065982329e[CPU0 ] check_cs(0x544c): not a valid code segment !
00065982838e[BXVGA] unsupported io write to port 0x03d6, val=0x00
00065982844e[BXVGA] unsupported io write to port 0x03d6, val=0x00
00065982859e[CPU0 ] check_cs(0x544c): not a valid code segment !
00065983368e[BXVGA] unsupported io write to port 0x03d6, val=0x00
00065983374e[BXVGA] unsupported io write to port 0x03d6, val=0x00
00065983389e[CPU0 ] check_cs(0x544c): not a valid code segment !
00065983898e[BXVGA] unsupported io write to port 0x03d6, val=0x00
00065983904e[BXVGA] unsupported io write to port 0x03d6, val=0x00
00065983919e[CPU0 ] check_cs(0x544c): not a valid code segment !
00065984428e[BXVGA] unsupported io write to port 0x03d6, val=0x00
00065984434e[BXVGA] unsupported io write to port 0x03d6, val=0x00
00065984449e[CPU0 ] check_cs(0x544c): not a valid code segment !
00065984958e[BXVGA] unsupported io write to port 0x03d6, val=0x00
00065984964e[BXVGA] unsupported io write to port 0x03d6, val=0x00
00065984979e[CPU0 ] check_cs(0x544c): not a valid code segment !
00065985488e[BXVGA] unsupported io write to port 0x03d6, val=0x00
00065985494e[BXVGA] unsupported io write to port 0x03d6, val=0x00
00065985509e[CPU0 ] check_cs(0x544c): not a valid code segment !
00065986018e[BXVGA] unsupported io write to port 0x03d6, val=0x00
00065986024e[BXVGA] unsupported io write to port 0x03d6, val=0x00
00065986039e[CPU0 ] check_cs(0x544c): not a valid code segment !
00065986548e[BXVGA] unsupported io write to port 0x03d6, val=0x00
00065986554e[BXVGA] unsupported io write to port 0x03d6, val=0x00
00065986569e[CPU0 ] check_cs(0x544c): not a valid code segment !
00065987078e[BXVGA] unsupported io write to port 0x03d6, val=0x00
00065987084e[BXVGA] unsupported io write to port 0x03d6, val=0x00
00065987099e[CPU0 ] check_cs(0x544c): not a valid code segment !
00065987608e[BXVGA] unsupported io write to port 0x03d6, val=0x00
00065987614e[BXVGA] unsupported io write to port 0x03d6, val=0x00
00065987629e[CPU0 ] check_cs(0x544c): not a valid code segment !
00065988138e[BXVGA] unsupported io write to port 0x03d6, val=0x00
00065988144e[BXVGA] unsupported io write to port 0x03d6, val=0x00
00065988159e[CPU0 ] check_cs(0x544c): not a valid code segment !
00065988668e[BXVGA] unsupported io write to port 0x03d6, val=0x00
00065988674e[BXVGA] unsupported io write to port 0x03d6, val=0x00
00065988689e[CPU0 ] check_cs(0x544c): not a valid code segment !
00065989198e[BXVGA] unsupported io write to port 0x03d6, val=0x00
00065989204e[BXVGA] unsupported io write to port 0x03d6, val=0x00
00065989219e[CPU0 ] check_cs(0x544c): not a valid code segment !
00065989728e[BXVGA] unsupported io write to port 0x03d6, val=0x00
00065989734e[BXVGA] unsupported io write to port 0x03d6, val=0x00
00065989749e[CPU0 ] check_cs(0x544c): not a valid code segment !
00066002262e[BXVGA] unsupported io write to port 0x03d6, val=0x00
00066002268e[BXVGA] unsupported io write to port 0x03d6, val=0x00
00066002278e[BXVGA] unsupported io write to port 0x03d6, val=0x00
00066002284e[BXVGA] unsupported io write to port 0x03d6, val=0x00
00066002299e[CPU0 ] check_cs(0x544c): not a valid code segment !
00066002808e[BXVGA] unsupported io write to port 0x03d6, val=0x00
00066002814e[BXVGA] unsupported io write to port 0x03d6, val=0x00
00066002829e[CPU0 ] check_cs(0x544c): not a valid code segment !
00066003338e[BXVGA] unsupported io write to port 0x03d6, val=0x00
00066003344e[BXVGA] unsupported io write to port 0x03d6, val=0x00
00066003359e[CPU0 ] check_cs(0x544c): not a valid code segment !
00066003868e[BXVGA] unsupported io write to port 0x03d6, val=0x00
00066003874e[BXVGA] unsupported io write to port 0x03d6, val=0x00
00066003889e[CPU0 ] check_cs(0x544c): not a valid code segment !
00066004398e[BXVGA] unsupported io write to port 0x03d6, val=0x00
00066004404e[BXVGA] unsupported io write to port 0x03d6, val=0x00
00066004419e[CPU0 ] check_cs(0x544c): not a valid code segment !
00066004928e[BXVGA] unsupported io write to port 0x03d6, val=0x00
00066004934e[BXVGA] unsupported io write to port 0x03d6, val=0x00
00066004949e[CPU0 ] check_cs(0x544c): not a valid code segment !
00066005458e[BXVGA] unsupported io write to port 0x03d6, val=0x00
00066005464e[BXVGA] unsupported io write to port 0x03d6, val=0x00
00066005479e[CPU0 ] check_cs(0x544c): not a valid code segment !
00066005988e[BXVGA] unsupported io write to port 0x03d6, val=0x00
00066005994e[BXVGA] unsupported io write to port 0x03d6, val=0x00
00066006009e[CPU0 ] check_cs(0x544c): not a valid code segment !
00066006518e[BXVGA] unsupported io write to port 0x03d6, val=0x00
00066006524e[BXVGA] unsupported io write to port 0x03d6, val=0x00
00066006539e[CPU0 ] check_cs(0x544c): not a valid code segment !
00066007048e[BXVGA] unsupported io write to port 0x03d6, val=0x00
00066007054e[BXVGA] unsupported io write to port 0x03d6, val=0x00
00066007069e[CPU0 ] check_cs(0x544c): not a valid code segment !
00066007578e[BXVGA] unsupported io write to port 0x03d6, val=0x00
00066007584e[BXVGA] unsupported io write to port 0x03d6, val=0x00
00066007599e[CPU0 ] check_cs(0x544c): not a valid code segment !
00066008108e[BXVGA] unsupported io write to port 0x03d6, val=0x00
00066008114e[BXVGA] unsupported io write to port 0x03d6, val=0x00
00066008129e[CPU0 ] check_cs(0x544c): not a valid code segment !
00066008638e[BXVGA] unsupported io write to port 0x03d6, val=0x00
00066008644e[BXVGA] unsupported io write to port 0x03d6, val=0x00
00066008659e[CPU0 ] check_cs(0x544c): not a valid code segment !
00066009168e[BXVGA] unsupported io write to port 0x03d6, val=0x00
00066009174e[BXVGA] unsupported io write to port 0x03d6, val=0x00
00066009189e[CPU0 ] check_cs(0x544c): not a valid code segment !
00066009698e[BXVGA] unsupported io write to port 0x03d6, val=0x00
00066009704e[BXVGA] unsupported io write to port 0x03d6, val=0x00
00066009719e[CPU0 ] check_cs(0x544c): not a valid code segment !
00066010228e[BXVGA] unsupported io write to port 0x03d6, val=0x00
00066010234e[BXVGA] unsupported io write to port 0x03d6, val=0x00
00066010249e[CPU0 ] check_cs(0x544c): not a valid code segment !
00066010758e[BXVGA] unsupported io write to port 0x03d6, val=0x00
00066010764e[BXVGA] unsupported io write to port 0x03d6, val=0x00
00066010779e[CPU0 ] check_cs(0x544c): not a valid code segment !
00066011288e[BXVGA] unsupported io write to port 0x03d6, val=0x00
00066011294e[BXVGA] unsupported io write to port 0x03d6, val=0x00
00066011309e[CPU0 ] check_cs(0x544c): not a valid code segment !
00066011818e[BXVGA] unsupported io write to port 0x03d6, val=0x00
00066011824e[BXVGA] unsupported io write to port 0x03d6, val=0x00
00066011839e[CPU0 ] check_cs(0x544c): not a valid code segment !
00066012348e[BXVGA] unsupported io write to port 0x03d6, val=0x00
00066012354e[BXVGA] unsupported io write to port 0x03d6, val=0x00
00066012369e[CPU0 ] check_cs(0x544c): not a valid code segment !
00066012391i[CPU0 ] CPU is in protected mode (active)
00066012391i[CPU0 ] CS.mode = 32 bit
00066012391i[CPU0 ] SS.mode = 32 bit
00066012391i[CPU0 ] EFER   = 0x00000000
00066012391i[CPU0 ] | EAX=0009e030  EBX=cccccccd  ECX=00008627  EDX=0000000f
00066012391i[CPU0 ] | ESP=0009e000  EBP=000001a4  ESI=00090000  EDI=00000ffc
00066012391i[CPU0 ] | IOPL=0 id vip vif ac vm RF nt of DF if tf sf zf AF PF cf
00066012391i[CPU0 ] | SEG sltr(index|ti|rpl)     base    limit G D
00066012391i[CPU0 ] |  CS:0008( 0001| 0|  0) 00000000 00ffffff 1 1
00066012391i[CPU0 ] |  DS:0010( 0002| 0|  0) 00000000 00ffffff 1 1
00066012391i[CPU0 ] |  SS:0010( 0002| 0|  0) 00000000 00ffffff 1 1
00066012391i[CPU0 ] |  ES:0010( 0002| 0|  0) 00000000 00ffffff 1 1
00066012391i[CPU0 ] |  FS:0010( 0002| 0|  0) 00000000 00ffffff 1 1
00066012391i[CPU0 ] |  GS:0010( 0002| 0|  0) 00000000 00ffffff 1 1
00066012391i[CPU0 ] | EIP=00006b5a (00006b5a)
00066012391i[CPU0 ] | CR0=0x80000013 CR2=0x0009dffc
00066012391i[CPU0 ] | CR3=0x00000000 CR4=0x00000000
00066012391e[CPU0 ] exception(): 3rd (14) exception with no resolution, shutdown status is 00h, resetting
00066012391i[SYS  ] bx_pc_system_c::Reset(HARDWARE) called
00066012391i[CPU0 ] cpu hardware reset
00066012391i[APIC0] allocate APIC id=0 (MMIO enabled) to 0x00000000fee00000
00066012391i[CPU0 ] CPUID[0x00000000]: 00000002 756e6547 6c65746e 49656e69
00066012391i[CPU0 ] CPUID[0x00000001]: 00000633 00010800 00002028 1fcbfbff
00066012391i[CPU0 ] CPUID[0x00000002]: 00410601 00000000 00000000 00000000
00066012391i[CPU0 ] CPUID[0x80000000]: 80000008 00000000 00000000 00000000
00066012391i[CPU0 ] CPUID[0x80000001]: 00000000 00000000 00000101 2a100000
00066012391i[CPU0 ] CPUID[0x80000002]: 20202020 20202020 20202020 6e492020
00066012391i[CPU0 ] CPUID[0x80000003]: 286c6574 50202952 69746e65 52286d75
00066012391i[CPU0 ] CPUID[0x80000004]: 20342029 20555043 20202020 00202020
00066012391i[CPU0 ] CPUID[0x80000005]: 01ff01ff 01ff01ff 40020140 40020140
00066012391i[CPU0 ] CPUID[0x80000006]: 00000000 42004200 02008140 00000000
00066012391i[CPU0 ] CPUID[0x80000007]: 00000000 00000000 00000000 00000000
00066012391i[CPU0 ] CPUID[0x80000008]: 00003028 00000000 00000000 00000000
00066012391i[PLGIN] reset of 'pci' plugin device by virtual method
00066012391i[PLGIN] reset of 'pci2isa' plugin device by virtual method
00066012391i[PLGIN] reset of 'cmos' plugin device by virtual method
00066012391i[PLGIN] reset of 'dma' plugin device by virtual method
00066012391i[PLGIN] reset of 'pic' plugin device by virtual method
00066012391i[PLGIN] reset of 'pit' plugin device by virtual method
00066012391i[PLGIN] reset of 'floppy' plugin device by virtual method
00066012391i[PLGIN] reset of 'vga' plugin device by virtual method
00066012391i[PLGIN] reset of 'acpi' plugin device by virtual method
00066012391i[PLGIN] reset of 'ioapic' plugin device by virtual method
00066012391i[PLGIN] reset of 'keyboard' plugin device by virtual method
00066012391i[PLGIN] reset of 'harddrv' plugin device by virtual method
00066012391i[PLGIN] reset of 'pci_ide' plugin device by virtual method
00066012391i[PLGIN] reset of 'unmapped' plugin device by virtual method
00066012391i[PLGIN] reset of 'biosdev' plugin device by virtual method
00066012391i[PLGIN] reset of 'speaker' plugin device by virtual method
00066012391i[PLGIN] reset of 'extfpuirq' plugin device by virtual method
00066012391i[PLGIN] reset of 'parallel' plugin device by virtual method
00066012391i[PLGIN] reset of 'serial' plugin device by virtual method
00066012391i[PLGIN] reset of 'gameport' plugin device by virtual method
00066012391i[PLGIN] reset of 'iodebug' plugin device by virtual method
00066012392i[XGUI ] Mouse capture off
00066012392i[     ] dbg: Quit
00066012392i[CPU0 ] CPU is in real mode (active)
00066012392i[CPU0 ] CS.mode = 16 bit
00066012392i[CPU0 ] SS.mode = 16 bit
00066012392i[CPU0 ] EFER   = 0x00000000
00066012392i[CPU0 ] | EAX=00000000  EBX=00000000  ECX=00000000  EDX=00000000
00066012392i[CPU0 ] | ESP=00000000  EBP=00000000  ESI=00000000  EDI=00000000
00066012392i[CPU0 ] | IOPL=0 id vip vif ac vm rf nt of df if tf sf zf af pf cf
00066012392i[CPU0 ] | SEG sltr(index|ti|rpl)     base    limit G D
00066012392i[CPU0 ] |  CS:f000( 1e00| 0|  0) ffff0000 0000ffff 0 0
00066012392i[CPU0 ] |  DS:0000( 0000| 0|  0) 00000000 0000ffff 0 0
00066012392i[CPU0 ] |  SS:0000( 0000| 0|  0) 00000000 0000ffff 0 0
00066012392i[CPU0 ] |  ES:0000( 0000| 0|  0) 00000000 0000ffff 0 0
00066012392i[CPU0 ] |  FS:0000( 0000| 0|  0) 00000000 0000ffff 0 0
00066012392i[CPU0 ] |  GS:0000( 0000| 0|  0) 00000000 0000ffff 0 0
00066012392i[CPU0 ] | EIP=0000fff0 (0000fff0)
00066012392i[CPU0 ] | CR0=0x60000010 CR2=0x00000000
00066012392i[CPU0 ] | CR3=0x00000000 CR4=0x00000000
00066012392i[CMOS ] Last time is 1510057768 (Tue Nov  7 04:29:28 2017)
00066012392i[XGUI ] Exit
00066012392i[CTRL ] quit_sim called with exit code 0
